<?xml version="1.0" encoding="UTF-8"?>
<!-- Generated by org.testng.reporters.JUnitReportReporter -->
<testsuite hostname="Bala-smalllaptop" failures="0" tests="1" name="com.solvd.carina.demo.HelloWorld" time="0.027" errors="0" timestamp="2024-02-04T17:52:05 EST" skipped="0">
  <testcase classname="com.solvd.carina.demo.HelloWorld" name="helloWorld" time="0.027"/>
  <system-out/>
</testsuite> <!-- com.solvd.carina.demo.HelloWorld -->
